#
# A fatal error has been detected by the Java Runtime Environment:
#
#  EXCEPTION_ACCESS_VIOLATION (0xc0000005) at pc=0x00000000652dc220, pid=6100, tid=0x0000000000002e8c
#
# JRE version: Java(TM) SE Runtime Environment (8.0_241-b07) (build 1.8.0_241-b07)
# Java VM: Java HotSpot(TM) 64-Bit Server VM (25.241-b07 mixed mode windows-amd64 compressed oops)
# Problematic frame:
# C  [MSVCR100.dll+0x3c220]
#
# Failed to write core dump. Minidumps are not enabled by default on client versions of Windows
#
# If you would like to submit a bug report, please visit:
#   http://bugreport.java.com/bugreport/crash.jsp
#

---------------  T H R E A D  ---------------

Current thread (0x0000000038048000):  JavaThread "System clipboard synchronizer" daemon [_thread_in_vm, id=11916, stack(0x0000000022680000,0x0000000022880000)]

siginfo: ExceptionCode=0xc0000005, reading address 0x00000000208768f8

Registers:
RAX=0x0000000000000040, RBX=0x0000000038048000, RCX=0x00000000ef3c8f68, RDX=0xffffffff314ad998
RSP=0x000000002287f2c8, RBP=0x000000002471c1a0, RSI=0x0000000000000000, RDI=0x00000000002118c0
R8 =0x000000000015f8c0, R9 =0xffffffffffffffff, R10=0xffffffffffffffff, R11=0x00000000ef2696a8
R12=0x0000000000000008, R13=0x0000000000000000, R14=0x00000000002118c0, R15=0x0000000038048000
RIP=0x00000000652dc220, EFLAGS=0x0000000000010202

Top of Stack: (sp=0x000000002287f2c8)
0x000000002287f2c8:   000000006426ce91 0000000020717000
0x000000002287f2d8:   0000000064251ccd 00000000002118c0
0x000000002287f2e8:   00007ffd03b36941 000000002287f408
0x000000002287f2f8:   0000000020717000 0000000038048000
0x000000002287f308:   0000000000000000 00000000002118c0
0x000000002287f318:   0000000000000008 000000002471c1a0
0x000000002287f328:   00007ffcb5f9a673 00000000380481f8
0x000000002287f338:   000000002287f408 0000000020717040
0x000000002287f348:   0000000020717040 0000000020717040
0x000000002287f358:   00000000c24197c0 00000000ef228628
0x000000002287f368:   fffffffffffffffe 000000002287f438
0x000000002287f378:   000000002d984268 0000000000000000
0x000000002287f388:   0000000007458c67 000000002d984270
0x000000002287f398:   0000000036600da8 00000000c008b938
0x000000002287f3a8:   0000000020717040 0000000000000000
0x000000002287f3b8:   0000000007430000 000000002471c1a0 

Instructions: (pc=0x00000000652dc220)
0x00000000652dc200:   48 81 e9 80 00 00 00 0f 18 04 0a 0f 18 44 0a 40
0x00000000652dc210:   ff c8 75 ec 48 81 c1 00 10 00 00 b8 40 00 00 00
0x00000000652dc220:   4c 8b 4c 0a f8 4c 8b 54 0a f0 4c 0f c3 49 f8 4c
0x00000000652dc230:   0f c3 51 f0 4c 8b 4c 0a e8 4c 8b 54 0a e0 4c 0f 


Register to memory mapping:

RAX=0x0000000000000040 is an unknown value
RBX=0x0000000038048000 is a thread
RCX=0x00000000ef3c8f68 is an oop

[error occurred during error reporting (printing register info), id 0xc0000005]

Stack: [0x0000000022680000,0x0000000022880000],  sp=0x000000002287f2c8,  free space=2044k
Native frames: (J=compiled Java code, j=interpreted, Vv=VM code, C=native code)
C  [MSVCR100.dll+0x3c220]
V  [jvm.dll+0x15ce91]
C  [awt.dll+0x8a673]
C  0x0000000007458c67

Java frames: (J=compiled Java code, j=interpreted, Vv=VM code)
j  sun.awt.windows.WClipboard.getClipboardData(J)[B+0
J 15981 C1 sun.awt.datatransfer.ClipboardTransferable.fetchOneFlavor(Lsun/awt/datatransfer/SunClipboard;Ljava/awt/datatransfer/DataFlavor;Ljava/lang/Long;Ljava/util/HashMap;)Z (133 bytes) @ 0x0000000007bbeae4 [0x0000000007bbe700+0x3e4]
j  sun.awt.datatransfer.ClipboardTransferable.<init>(Lsun/awt/datatransfer/SunClipboard;)V+122
J 34868 C1 sun.awt.datatransfer.SunClipboard.getContents(Ljava/lang/Object;)Ljava/awt/datatransfer/Transferable; (21 bytes) @ 0x000000000a19570c [0x000000000a195500+0x20c]
J 37236 C1 org.netbeans.NbClipboard$GetContents.run()V (94 bytes) @ 0x000000000c3ce294 [0x000000000c3cdca0+0x5f4]
J 20524 C2 org.netbeans.modules.openide.util.GlobalLookup.execute(Lorg/openide/util/Lookup;Ljava/lang/Runnable;)Z (60 bytes) @ 0x0000000009d542e8 [0x0000000009d54000+0x2e8]
J 34146 C1 org.openide.util.RequestProcessor$Processor.run()V (512 bytes) @ 0x000000000c1ca464 [0x000000000c1c9440+0x1024]
v  ~StubRoutines::call_stub

---------------  P R O C E S S  ---------------

Java Threads: ( => current thread )
=>0x0000000038048000 JavaThread "System clipboard synchronizer" daemon [_thread_in_vm, id=11916, stack(0x0000000022680000,0x0000000022880000)]
  0x0000000038040000 JavaThread "Err Thread for {0} (run)" daemon [_thread_in_native, id=29196, stack(0x0000000022080000,0x0000000022280000)]
  0x0000000038046800 JavaThread "Out Thread for {0} (run)" daemon [_thread_in_native, id=32732, stack(0x0000000021e80000,0x0000000022080000)]
  0x000000003803f000 JavaThread "In Thread for {0} (run)" daemon [_thread_blocked, id=30816, stack(0x0000000020110000,0x0000000020310000)]
  0x000000003803d800 JavaThread "exec_COVID19TempCheck_OrengoAnthony (run)_49" [_thread_in_native, id=14300, stack(0x0000000006e50000,0x0000000007050000)]
  0x0000000038049000 JavaThread "Explorer Actions" daemon [_thread_blocked, id=26168, stack(0x0000000020310000,0x0000000020510000)]
  0x0000000038040800 JavaThread "Inactive RequestProcessor thread [Was:Refresh Editor Context/org.netbeans.spi.debugger.ui.EditorContextDispatcher$EditorRegistryListener$1]" daemon [_thread_blocked, id=29140, stack(0x000000001ff10000,0x0000000020110000)]
  0x0000000038041800 JavaThread "org.apache.tools.ant.module.run.TargetExecutor" daemon [_thread_blocked, id=33652, stack(0x0000000007050000,0x0000000007250000)]
  0x000000003803c800 JavaThread "Inactive RequestProcessor thread [Was:org.netbeans.modules.editor.NbEditorUI/org.netbeans.modules.editor.NbEditorUI$1]" daemon [_thread_blocked, id=18152, stack(0x0000000021a80000,0x0000000021c80000)]
  0x0000000038043800 JavaThread "Inactive RequestProcessor thread [Was:JavaSourceTaskFactory/org.netbeans.api.java.source.JavaSourceTaskFactory$1]" daemon [_thread_blocked, id=30488, stack(0x00000000026a0000,0x00000000028a0000)]
  0x000000002477a000 JavaThread "pool-5-thread-1" [_thread_blocked, id=11444, stack(0x000000001eb40000,0x000000001ed40000)]
  0x0000000028c47800 JavaThread "Code Model Parser 3" daemon [_thread_blocked, id=26940, stack(0x0000000035110000,0x0000000035310000)]
  0x0000000028c46000 JavaThread "Code Model Parser 2" daemon [_thread_blocked, id=15216, stack(0x0000000033140000,0x0000000033340000)]
  0x000000001c97d800 JavaThread "Repository Writing Thread" daemon [_thread_blocked, id=32940, stack(0x0000000032f40000,0x0000000033140000)]
  0x000000001c97c800 JavaThread "TimerQueue" daemon [_thread_blocked, id=32152, stack(0x000000002ed70000,0x000000002ef70000)]
  0x000000001c975000 JavaThread "Worker-JM" [_thread_blocked, id=29148, stack(0x000000002e770000,0x000000002e970000)]
  0x000000001c97c000 JavaThread "Framework Event Dispatcher" daemon [_thread_blocked, id=25048, stack(0x000000002e370000,0x000000002e570000)]
  0x000000001c979000 JavaThread "Deadlock Detector" [_thread_blocked, id=22136, stack(0x000000002dd00000,0x000000002df00000)]
  0x000000001c978000 JavaThread "Thread-3" daemon [_thread_blocked, id=7160, stack(0x000000002e170000,0x000000002e370000)]
  0x000000001c974800 JavaThread "W32 File Monitor" daemon [_thread_in_native, id=2180, stack(0x000000002db00000,0x000000002dd00000)]
  0x000000001c976000 JavaThread "File Watcher" daemon [_thread_blocked, id=22076, stack(0x000000002d300000,0x000000002d500000)]
  0x000000001c67f800 JavaThread "Code Model Parser 1" daemon [_thread_blocked, id=26660, stack(0x000000002c900000,0x000000002cb00000)]
  0x000000001c67b000 JavaThread "Editor Parsing Loop (201609300101)" daemon [_thread_blocked, id=11912, stack(0x000000002c500000,0x000000002c700000)]
  0x000000001c67e000 JavaThread "Code Model Parser 0" daemon [_thread_blocked, id=27044, stack(0x000000002a340000,0x000000002a540000)]
  0x000000001c67a800 JavaThread "State Data Manager" daemon [_thread_blocked, id=23056, stack(0x000000002a140000,0x000000002a340000)]
  0x000000001c681000 JavaThread "Framework Active Thread" [_thread_blocked, id=26544, stack(0x0000000029d50000,0x0000000029f50000)]
  0x000000001e5f0000 JavaThread "AWT-EventQueue-0" [_thread_blocked, id=23876, stack(0x0000000023c90000,0x0000000023e90000)]
  0x000000001e5e1800 JavaThread "AWT-Windows" daemon [_thread_in_native, id=32268, stack(0x0000000023a90000,0x0000000023c90000)]
  0x000000001e5c9800 JavaThread "AWT-Shutdown" [_thread_blocked, id=26088, stack(0x0000000023890000,0x0000000023a90000)]
  0x000000001e5c9000 JavaThread "Java2D Disposer" daemon [_thread_blocked, id=12500, stack(0x0000000023690000,0x0000000023890000)]
  0x000000001e52a000 JavaThread "RequestProcessor queue manager" daemon [_thread_blocked, id=25904, stack(0x0000000023290000,0x0000000023490000)]
  0x000000001e3de000 JavaThread "CLI Requests Server" daemon [_thread_in_native, id=25192, stack(0x0000000022c90000,0x0000000022e90000)]
  0x000000001e070800 JavaThread "Active Reference Queue Daemon" daemon [_thread_blocked, id=28904, stack(0x000000001e740000,0x000000001e940000)]
  0x000000001c70d800 JavaThread "Service Thread" daemon [_thread_blocked, id=4584, stack(0x000000001db40000,0x000000001dd40000)]
  0x000000001c680800 JavaThread "C1 CompilerThread3" daemon [_thread_blocked, id=2492, stack(0x000000001d940000,0x000000001db40000)]
  0x000000001c67c000 JavaThread "C2 CompilerThread2" daemon [_thread_blocked, id=18192, stack(0x000000001d740000,0x000000001d940000)]
  0x000000001c67c800 JavaThread "C2 CompilerThread1" daemon [_thread_blocked, id=19632, stack(0x000000001d540000,0x000000001d740000)]
  0x000000001c677800 JavaThread "C2 CompilerThread0" daemon [_thread_blocked, id=16364, stack(0x000000001d340000,0x000000001d540000)]
  0x000000001c674800 JavaThread "Attach Listener" daemon [_thread_blocked, id=1860, stack(0x000000001d140000,0x000000001d340000)]
  0x000000001c673800 JavaThread "Signal Dispatcher" daemon [_thread_blocked, id=32752, stack(0x000000001cf40000,0x000000001d140000)]
  0x000000001c660800 JavaThread "Finalizer" daemon [_thread_blocked, id=19812, stack(0x000000001cc40000,0x000000001ce40000)]
  0x00000000073b9000 JavaThread "Reference Handler" daemon [_thread_blocked, id=30684, stack(0x000000001ca40000,0x000000001cc40000)]
  0x00000000072c5000 JavaThread "main" [_thread_blocked, id=31396, stack(0x0000000000580000,0x0000000000780000)]

Other Threads:
  0x000000001a759000 VMThread [stack: 0x000000001c440000,0x000000001c640000] [id=27316]
  0x000000001c711800 WatcherThread [stack: 0x000000001dd40000,0x000000001df40000] [id=31632]

VM state:not at safepoint (normal execution)

VM Mutex/Monitor currently owned by a thread: None

heap address: 0x00000000c0000000, size: 1024 MB, Compressed Oops mode: 32-bit
Narrow klass base: 0x0000000000000000, Narrow klass shift: 3
Compressed class space size: 1073741824 Address: 0x0000000100000000

Heap:
 PSYoungGen      total 131072K, used 87708K [0x00000000eab00000, 0x00000000f4100000, 0x0000000100000000)
  eden space 110592K, 68% used [0x00000000eab00000,0x00000000ef4b0510,0x00000000f1700000)
  from space 20480K, 59% used [0x00000000f2d00000,0x00000000f38f6ed8,0x00000000f4100000)
  to   space 21504K, 0% used [0x00000000f1700000,0x00000000f1700000,0x00000000f2c00000)
 ParOldGen       total 200704K, used 186935K [0x00000000c0000000, 0x00000000cc400000, 0x00000000eab00000)
  object space 200704K, 93% used [0x00000000c0000000,0x00000000cb68df50,0x00000000cc400000)
 Metaspace       used 129395K, capacity 147204K, committed 147712K, reserved 1177600K
  class space    used 15338K, capacity 20295K, committed 20480K, reserved 1048576K

Card table byte_map: [0x0000000016800000,0x0000000016a10000] byte_map_base: 0x0000000016200000

Marking Bits: (ParMarkBitMap*) 0x000000006493be30
 Begin Bits: [0x0000000017b70000, 0x0000000018b70000)
 End Bits:   [0x0000000018b70000, 0x0000000019b70000)

Polling page: 0x00000000072a0000

CodeCache: size=245760Kb used=118506Kb max_used=118517Kb free=127253Kb
 bounds [0x0000000007440000, 0x000000000e8c0000, 0x0000000016440000]
 total_blobs=26323 nmethods=25422 adapters=808
 compilation: enabled

Compilation events (10 events):
Event: 35171.863 Thread 0x000000001c67c800 37570       4       org.netbeans.modules.java.hints.introduce.Flow$VisitorImpl::resumeAfter (108 bytes)
Event: 35171.873 Thread 0x000000001c67c800 nmethod 37570 0x000000000e3de6d0 code [0x000000000e3de880, 0x000000000e3df068]
Event: 35174.876 Thread 0x000000001c67c000 37571       4       java.awt.Container::isAncestorOf (36 bytes)
Event: 35174.879 Thread 0x000000001c67c000 nmethod 37571 0x000000000989dd10 code [0x000000000989de60, 0x000000000989df38]
Event: 35175.422 Thread 0x000000001c677800 37572       4       org.netbeans.api.java.source.support.OpenedEditors::getDataObject (26 bytes)
Event: 35175.424 Thread 0x000000001c677800 nmethod 37572 0x000000000e3de310 code [0x000000000e3de460, 0x000000000e3de528]
Event: 35177.930 Thread 0x000000001c680800 37573   !   3       javax.swing.text.DefaultCaret::paint (328 bytes)
Event: 35177.933 Thread 0x000000001c680800 nmethod 37573 0x000000000e8b5e90 code [0x000000000e8b6160, 0x000000000e8b7be8]
Event: 35177.936 Thread 0x000000001c67c800 37574       4       org.netbeans.lib.lexer.EmbeddedTokenList::startOffset (13 bytes)
Event: 35177.940 Thread 0x000000001c67c800 nmethod 37574 0x0000000007ca5ed0 code [0x0000000007ca6000, 0x0000000007ca6078]

GC Heap History (10 events):
Event: 35106.434 GC heap before
{Heap before GC invocations=332 (full 6):
 PSYoungGen      total 128000K, used 114221K [0x00000000eab00000, 0x00000000f4080000, 0x0000000100000000)
  eden space 104448K, 100% used [0x00000000eab00000,0x00000000f1100000,0x00000000f1100000)
  from space 23552K, 41% used [0x00000000f1100000,0x00000000f1a8b510,0x00000000f2800000)
  to   space 23552K, 0% used [0x00000000f2980000,0x00000000f2980000,0x00000000f4080000)
 ParOldGen       total 200704K, used 186287K [0x00000000c0000000, 0x00000000cc400000, 0x00000000eab00000)
  object space 200704K, 92% used [0x00000000c0000000,0x00000000cb5ebf50,0x00000000cc400000)
 Metaspace       used 129371K, capacity 147204K, committed 147712K, reserved 1177600K
  class space    used 15338K, capacity 20295K, committed 20480K, reserved 1048576K
Event: 35106.442 GC heap after
Heap after GC invocations=332 (full 6):
 PSYoungGen      total 130048K, used 12080K [0x00000000eab00000, 0x00000000f4080000, 0x0000000100000000)
  eden space 106496K, 0% used [0x00000000eab00000,0x00000000eab00000,0x00000000f1300000)
  from space 23552K, 51% used [0x00000000f2980000,0x00000000f354c2c8,0x00000000f4080000)
  to   space 23040K, 0% used [0x00000000f1300000,0x00000000f1300000,0x00000000f2980000)
 ParOldGen       total 200704K, used 186695K [0x00000000c0000000, 0x00000000cc400000, 0x00000000eab00000)
  object space 200704K, 93% used [0x00000000c0000000,0x00000000cb651f50,0x00000000cc400000)
 Metaspace       used 129371K, capacity 147204K, committed 147712K, reserved 1177600K
  class space    used 15338K, capacity 20295K, committed 20480K, reserved 1048576K
}
Event: 35164.713 GC heap before
{Heap before GC invocations=333 (full 6):
 PSYoungGen      total 130048K, used 118576K [0x00000000eab00000, 0x00000000f4080000, 0x0000000100000000)
  eden space 106496K, 100% used [0x00000000eab00000,0x00000000f1300000,0x00000000f1300000)
  from space 23552K, 51% used [0x00000000f2980000,0x00000000f354c2c8,0x00000000f4080000)
  to   space 23040K, 0% used [0x00000000f1300000,0x00000000f1300000,0x00000000f2980000)
 ParOldGen       total 200704K, used 186695K [0x00000000c0000000, 0x00000000cc400000, 0x00000000eab00000)
  object space 200704K, 93% used [0x00000000c0000000,0x00000000cb651f50,0x00000000cc400000)
 Metaspace       used 129373K, capacity 147204K, committed 147712K, reserved 1177600K
  class space    used 15338K, capacity 20295K, committed 20480K, reserved 1048576K
Event: 35164.720 GC heap after
Heap after GC invocations=333 (full 6):
 PSYoungGen      total 129536K, used 8059K [0x00000000eab00000, 0x00000000f4200000, 0x0000000100000000)
  eden space 106496K, 0% used [0x00000000eab00000,0x00000000eab00000,0x00000000f1300000)
  from space 23040K, 34% used [0x00000000f1300000,0x00000000f1adee88,0x00000000f2980000)
  to   space 23040K, 0% used [0x00000000f2b80000,0x00000000f2b80000,0x00000000f4200000)
 ParOldGen       total 200704K, used 186735K [0x00000000c0000000, 0x00000000cc400000, 0x00000000eab00000)
  object space 200704K, 93% used [0x00000000c0000000,0x00000000cb65bf50,0x00000000cc400000)
 Metaspace       used 129373K, capacity 147204K, committed 147712K, reserved 1177600K
  class space    used 15338K, capacity 20295K, committed 20480K, reserved 1048576K
}
Event: 35166.153 GC heap before
{Heap before GC invocations=334 (full 6):
 PSYoungGen      total 129536K, used 114555K [0x00000000eab00000, 0x00000000f4200000, 0x0000000100000000)
  eden space 106496K, 100% used [0x00000000eab00000,0x00000000f1300000,0x00000000f1300000)
  from space 23040K, 34% used [0x00000000f1300000,0x00000000f1adee88,0x00000000f2980000)
  to   space 23040K, 0% used [0x00000000f2b80000,0x00000000f2b80000,0x00000000f4200000)
 ParOldGen       total 200704K, used 186735K [0x00000000c0000000, 0x00000000cc400000, 0x00000000eab00000)
  object space 200704K, 93% used [0x00000000c0000000,0x00000000cb65bf50,0x00000000cc400000)
 Metaspace       used 129374K, capacity 147204K, committed 147712K, reserved 1177600K
  class space    used 15338K, capacity 20295K, committed 20480K, reserved 1048576K
Event: 35166.160 GC heap after
Heap after GC invocations=334 (full 6):
 PSYoungGen      total 131584K, used 8507K [0x00000000eab00000, 0x00000000f4200000, 0x0000000100000000)
  eden space 108544K, 0% used [0x00000000eab00000,0x00000000eab00000,0x00000000f1500000)
  from space 23040K, 36% used [0x00000000f2b80000,0x00000000f33ceea8,0x00000000f4200000)
  to   space 23040K, 0% used [0x00000000f1500000,0x00000000f1500000,0x00000000f2b80000)
 ParOldGen       total 200704K, used 186775K [0x00000000c0000000, 0x00000000cc400000, 0x00000000eab00000)
  object space 200704K, 93% used [0x00000000c0000000,0x00000000cb665f50,0x00000000cc400000)
 Metaspace       used 129374K, capacity 147204K, committed 147712K, reserved 1177600K
  class space    used 15338K, capacity 20295K, committed 20480K, reserved 1048576K
}
Event: 35167.464 GC heap before
{Heap before GC invocations=335 (full 6):
 PSYoungGen      total 131584K, used 117051K [0x00000000eab00000, 0x00000000f4200000, 0x0000000100000000)
  eden space 108544K, 100% used [0x00000000eab00000,0x00000000f1500000,0x00000000f1500000)
  from space 23040K, 36% used [0x00000000f2b80000,0x00000000f33ceea8,0x00000000f4200000)
  to   space 23040K, 0% used [0x00000000f1500000,0x00000000f1500000,0x00000000f2b80000)
 ParOldGen       total 200704K, used 186775K [0x00000000c0000000, 0x00000000cc400000, 0x00000000eab00000)
  object space 200704K, 93% used [0x00000000c0000000,0x00000000cb665f50,0x00000000cc400000)
 Metaspace       used 129379K, capacity 147204K, committed 147712K, reserved 1177600K
  class space    used 15338K, capacity 20295K, committed 20480K, reserved 1048576K
Event: 35167.472 GC heap after
Heap after GC invocations=335 (full 6):
 PSYoungGen      total 131584K, used 12203K [0x00000000eab00000, 0x00000000f4300000, 0x0000000100000000)
  eden space 108544K, 0% used [0x00000000eab00000,0x00000000eab00000,0x00000000f1500000)
  from space 23040K, 52% used [0x00000000f1500000,0x00000000f20eaea8,0x00000000f2b80000)
  to   space 22528K, 0% used [0x00000000f2d00000,0x00000000f2d00000,0x00000000f4300000)
 ParOldGen       total 200704K, used 186839K [0x00000000c0000000, 0x00000000cc400000, 0x00000000eab00000)
  object space 200704K, 93% used [0x00000000c0000000,0x00000000cb675f50,0x00000000cc400000)
 Metaspace       used 129379K, capacity 147204K, committed 147712K, reserved 1177600K
  class space    used 15338K, capacity 20295K, committed 20480K, reserved 1048576K
}
Event: 35169.914 GC heap before
{Heap before GC invocations=336 (full 6):
 PSYoungGen      total 131584K, used 120747K [0x00000000eab00000, 0x00000000f4300000, 0x0000000100000000)
  eden space 108544K, 100% used [0x00000000eab00000,0x00000000f1500000,0x00000000f1500000)
  from space 23040K, 52% used [0x00000000f1500000,0x00000000f20eaea8,0x00000000f2b80000)
  to   space 22528K, 0% used [0x00000000f2d00000,0x00000000f2d00000,0x00000000f4300000)
 ParOldGen       total 200704K, used 186839K [0x00000000c0000000, 0x00000000cc400000, 0x00000000eab00000)
  object space 200704K, 93% used [0x00000000c0000000,0x00000000cb675f50,0x00000000cc400000)
 Metaspace       used 129391K, capacity 147204K, committed 147712K, reserved 1177600K
  class space    used 15338K, capacity 20295K, committed 20480K, reserved 1048576K
Event: 35169.921 GC heap after
Heap after GC invocations=336 (full 6):
 PSYoungGen      total 131072K, used 12251K [0x00000000eab00000, 0x00000000f4100000, 0x0000000100000000)
  eden space 110592K, 0% used [0x00000000eab00000,0x00000000eab00000,0x00000000f1700000)
  from space 20480K, 59% used [0x00000000f2d00000,0x00000000f38f6ed8,0x00000000f4100000)
  to   space 21504K, 0% used [0x00000000f1700000,0x00000000f1700000,0x00000000f2c00000)
 ParOldGen       total 200704K, used 186935K [0x00000000c0000000, 0x00000000cc400000, 0x00000000eab00000)
  object space 200704K, 93% used [0x00000000c0000000,0x00000000cb68df50,0x00000000cc400000)
 Metaspace       used 129391K, capacity 147204K, committed 147712K, reserved 1177600K
  class space    used 15338K, capacity 20295K, committed 20480K, reserved 1048576K
}

Deoptimization events (10 events):
Event: 34846.146 Thread 0x000000003803c800 Uncommon trap: reason=unstable_if action=reinterpret pc=0x000000000d8a64cc method=com.sun.tools.javac.code.Symtab.enterClass(Lcom/sun/tools/javac/util/Name;Ljavax/tools/JavaFileObject;)Lcom/sun/tools/javac/code/Symbol$ClassSymbol; @ 79
Event: 34846.167 Thread 0x000000002463c800 Uncommon trap: reason=unstable_if action=reinterpret pc=0x00000000084fae30 method=sun.security.util.Cache$EqualByteArray.hashCode()I @ 6
Event: 34851.362 Thread 0x0000000038048000 Uncommon trap: reason=bimorphic action=maybe_recompile pc=0x000000000c17082c method=java.util.SubList.<init>(Ljava/util/AbstractList;II)V @ 37
Event: 34890.827 Thread 0x000000001e5f0000 Uncommon trap: reason=unstable_if action=reinterpret pc=0x000000000b6743a8 method=org.netbeans.modules.editor.lib2.highlighting.DirectMergeContainer$Wrapper.init(I)Z @ 14
Event: 34913.565 Thread 0x000000001e5f0000 Uncommon trap: reason=unstable_if action=reinterpret pc=0x000000000c622b78 method=java.awt.Rectangle.isEmpty()Z @ 11
Event: 34914.552 Thread 0x000000001e5f0000 Uncommon trap: reason=class_check action=maybe_recompile pc=0x000000000c17eb24 method=org.netbeans.api.editor.document.LineDocumentUtils.as(Ljavax/swing/text/Document;Ljava/lang/Class;Z)Ljava/lang/Object; @ 28
Event: 34914.556 Thread 0x000000001e5f0000 Uncommon trap: reason=class_check action=maybe_recompile pc=0x000000000c17eb24 method=org.netbeans.api.editor.document.LineDocumentUtils.as(Ljavax/swing/text/Document;Ljava/lang/Class;Z)Ljava/lang/Object; @ 28
Event: 34914.562 Thread 0x0000000038040800 Uncommon trap: reason=unstable_if action=reinterpret pc=0x000000000dc535c0 method=org.netbeans.modules.editor.lib2.view.ViewUpdates.viewsRebuildOrMarkInvalidNeedsLock()V @ 48
Event: 34914.568 Thread 0x000000001e5f0000 Uncommon trap: reason=unstable_if action=reinterpret pc=0x000000000d89db80 method=org.netbeans.modules.editor.lib2.view.DocumentViewOp.updateFontRenderContext(Ljava/awt/Graphics2D;Z)V @ 117
Event: 35053.691 Thread 0x000000001e5f0000 Uncommon trap: reason=unstable_if action=reinterpret pc=0x0000000008b109c4 method=org.netbeans.modules.editor.lib2.highlighting.WhitespaceHighlighting$HS.moveNext()Z @ 34

Classes redefined (0 events):
No events

Internal exceptions (10 events):
Event: 35166.201 Thread 0x0000000038049000 Exception <a 'sun/nio/fs/WindowsException'> (0x00000000eb7dff58) thrown at [C:\ade\jenkins\workspace\8-2-build-windows-amd64-cygwin\jdk8u241\331\hotspot\src\share\vm\prims\jni.cpp, line 710]
Event: 35166.204 Thread 0x0000000038040800 Exception <a 'sun/nio/fs/WindowsException'> (0x00000000eb9891c8) thrown at [C:\ade\jenkins\workspace\8-2-build-windows-amd64-cygwin\jdk8u241\331\hotspot\src\share\vm\prims\jni.cpp, line 710]
Event: 35167.360 Thread 0x000000003803c800 Exception <a 'sun/nio/fs/WindowsException'> (0x00000000eb945b30) thrown at [C:\ade\jenkins\workspace\8-2-build-windows-amd64-cygwin\jdk8u241\331\hotspot\src\share\vm\prims\jni.cpp, line 710]
Event: 35167.414 Thread 0x0000000038040800 Exception <a 'sun/nio/fs/WindowsException'> (0x00000000f1297d38) thrown at [C:\ade\jenkins\workspace\8-2-build-windows-amd64-cygwin\jdk8u241\331\hotspot\src\share\vm\prims\jni.cpp, line 710]
Event: 35168.500 Thread 0x0000000038049000 Exception <a 'sun/nio/fs/WindowsException'> (0x00000000eabeec48) thrown at [C:\ade\jenkins\workspace\8-2-build-windows-amd64-cygwin\jdk8u241\331\hotspot\src\share\vm\prims\jni.cpp, line 710]
Event: 35168.556 Thread 0x000000003803c800 Exception <a 'sun/nio/fs/WindowsException'> (0x00000000eac9bcb0) thrown at [C:\ade\jenkins\workspace\8-2-build-windows-amd64-cygwin\jdk8u241\331\hotspot\src\share\vm\prims\jni.cpp, line 710]
Event: 35169.859 Thread 0x0000000038049000 Exception <a 'sun/nio/fs/WindowsException'> (0x00000000ee0828e0) thrown at [C:\ade\jenkins\workspace\8-2-build-windows-amd64-cygwin\jdk8u241\331\hotspot\src\share\vm\prims\jni.cpp, line 710]
Event: 35169.924 Thread 0x0000000038048000 Exception <a 'sun/nio/fs/WindowsException'> (0x00000000eacf0978) thrown at [C:\ade\jenkins\workspace\8-2-build-windows-amd64-cygwin\jdk8u241\331\hotspot\src\share\vm\prims\jni.cpp, line 710]
Event: 35171.848 Thread 0x000000003803c800 Exception <a 'sun/nio/fs/WindowsException'> (0x00000000ebf51530) thrown at [C:\ade\jenkins\workspace\8-2-build-windows-amd64-cygwin\jdk8u241\331\hotspot\src\share\vm\prims\jni.cpp, line 710]
Event: 35171.904 Thread 0x0000000038049000 Exception <a 'sun/nio/fs/WindowsException'> (0x00000000ee287c38) thrown at [C:\ade\jenkins\workspace\8-2-build-windows-amd64-cygwin\jdk8u241\331\hotspot\src\share\vm\prims\jni.cpp, line 710]

Events (10 events):
Event: 35177.936 loading class org/netbeans/spi/debugger/ui/EditorContextDispatcher
Event: 35177.936 loading class org/netbeans/spi/debugger/ui/EditorContextDispatcher done
Event: 35177.936 loading class org/netbeans/spi/debugger/ui/EditorContextDispatcher
Event: 35177.936 loading class org/netbeans/spi/debugger/ui/EditorContextDispatcher done
Event: 35177.936 loading class org/netbeans/spi/debugger/ui/EditorContextDispatcher
Event: 35177.936 loading class org/netbeans/spi/debugger/ui/EditorContextDispatcher done
Event: 35177.937 loading class org/netbeans/spi/debugger/ui/EditorContextDispatcher
Event: 35177.937 loading class org/netbeans/spi/debugger/ui/EditorContextDispatcher done
Event: 35177.938 loading class org/netbeans/spi/debugger/ui/EditorContextDispatcher
Event: 35177.938 loading class org/netbeans/spi/debugger/ui/EditorContextDispatcher done


Dynamic libraries:
0x0000000000400000 - 0x0000000000580000 	C:\Program Files\NetBeans 8.2\bin\netbeans64.exe
0x00007ffd03c20000 - 0x00007ffd03e10000 	C:\WINDOWS\SYSTEM32\ntdll.dll
0x00007ffd03b20000 - 0x00007ffd03bd2000 	C:\WINDOWS\System32\KERNEL32.DLL
0x00007ffd00e30000 - 0x00007ffd010d5000 	C:\WINDOWS\System32\KERNELBASE.dll
0x00007ffcfdcd0000 - 0x00007ffcfdd5f000 	C:\WINDOWS\SYSTEM32\apphelp.dll
0x00007ffccf4d0000 - 0x00007ffccf52d000 	C:\WINDOWS\SYSTEM32\AcGenral.dll
0x00007ffd02610000 - 0x00007ffd026ae000 	C:\WINDOWS\System32\msvcrt.dll
0x00007ffd02ef0000 - 0x00007ffd02f87000 	C:\WINDOWS\System32\sechost.dll
0x00007ffd021c0000 - 0x00007ffd022e0000 	C:\WINDOWS\System32\RPCRT4.dll
0x00007ffd03650000 - 0x00007ffd036a2000 	C:\WINDOWS\System32\SHLWAPI.dll
0x00007ffd01e40000 - 0x00007ffd02175000 	C:\WINDOWS\System32\combase.dll
0x00007ffd010e0000 - 0x00007ffd011da000 	C:\WINDOWS\System32\ucrtbase.dll
0x00007ffd01b30000 - 0x00007ffd01bb0000 	C:\WINDOWS\System32\bcryptPrimitives.dll
0x00007ffd02190000 - 0x00007ffd021b6000 	C:\WINDOWS\System32\GDI32.dll
0x00007ffd01b00000 - 0x00007ffd01b21000 	C:\WINDOWS\System32\win32u.dll
0x00007ffd011e0000 - 0x00007ffd01376000 	C:\WINDOWS\System32\gdi32full.dll
0x00007ffd01bb0000 - 0x00007ffd01c4e000 	C:\WINDOWS\System32\msvcp_win.dll
0x00007ffd02470000 - 0x00007ffd02605000 	C:\WINDOWS\System32\USER32.dll
0x00007ffd01ce0000 - 0x00007ffd01e37000 	C:\WINDOWS\System32\ole32.dll
0x00007ffd023c0000 - 0x00007ffd02463000 	C:\WINDOWS\System32\advapi32.dll
0x00007ffd02800000 - 0x00007ffd02ee7000 	C:\WINDOWS\System32\SHELL32.dll
0x00007ffd01c50000 - 0x00007ffd01c9a000 	C:\WINDOWS\System32\cfgmgr32.dll
0x00007ffd03040000 - 0x00007ffd030e9000 	C:\WINDOWS\System32\shcore.dll
0x00007ffd01380000 - 0x00007ffd01b00000 	C:\WINDOWS\System32\windows.storage.dll
0x00007ffd00b80000 - 0x00007ffd00ba3000 	C:\WINDOWS\System32\profapi.dll
0x00007ffd00b30000 - 0x00007ffd00b7a000 	C:\WINDOWS\System32\powrprof.dll
0x00007ffd00ae0000 - 0x00007ffd00af0000 	C:\WINDOWS\System32\UMPDC.dll
0x00007ffd00af0000 - 0x00007ffd00b01000 	C:\WINDOWS\System32\kernel.appcore.dll
0x00007ffd00d00000 - 0x00007ffd00d17000 	C:\WINDOWS\System32\cryptsp.dll
0x00007ffd00a00000 - 0x00007ffd00a25000 	C:\WINDOWS\SYSTEM32\USERENV.dll
0x00007ffcef420000 - 0x00007ffcef43b000 	C:\WINDOWS\SYSTEM32\MPR.dll
0x00007ffd009c0000 - 0x00007ffd009f7000 	C:\WINDOWS\SYSTEM32\SspiCli.dll
0x00007ffd03620000 - 0x00007ffd0364e000 	C:\WINDOWS\System32\IMM32.DLL
0x00007ffcfbed0000 - 0x00007ffcfbf35000 	C:\WINDOWS\SYSTEM32\ninput.dll
0x00007ffd030f0000 - 0x00007ffd031b5000 	C:\WINDOWS\System32\OLEAUT32.dll
0x0000000065610000 - 0x0000000065763000 	C:\Program Files\NetBeans 8.2\platform\lib\nbexec64.dll
0x00007ffcfde10000 - 0x00007ffcfdea9000 	C:\WINDOWS\system32\uxtheme.dll
0x00007ffd031e0000 - 0x00007ffd03315000 	C:\WINDOWS\System32\MSCTF.dll
0x00007ffce1490000 - 0x00007ffce1714000 	C:\WINDOWS\WinSxS\amd64_microsoft.windows.common-controls_6595b64144ccf1df_6.0.18362.1082_none_9e8193e1e45b25c1\comctl32.dll
0x00007ffcf7320000 - 0x00007ffcf73be000 	C:\WINDOWS\System32\TextInputFramework.dll
0x00007ffcfd650000 - 0x00007ffcfd724000 	C:\WINDOWS\System32\CoreMessaging.dll
0x00007ffcfbba0000 - 0x00007ffcfbeca000 	C:\WINDOWS\System32\CoreUIComponents.dll
0x00007ffcfc260000 - 0x00007ffcfc3b3000 	C:\WINDOWS\SYSTEM32\wintypes.dll
0x00007ffcffb20000 - 0x00007ffcffb51000 	C:\WINDOWS\SYSTEM32\ntmarta.dll
0x00007ffcf49e0000 - 0x00007ffcf4c86000 	C:\WINDOWS\System32\iertutil.dll
0x0000000064110000 - 0x00000000649bc000 	C:\Program Files\Java\jdk1.8.0_241\jre\bin\server\jvm.dll
0x00007ffd03320000 - 0x00007ffd03328000 	C:\WINDOWS\System32\PSAPI.DLL
0x00007ffcf7fc0000 - 0x00007ffcf7fca000 	C:\WINDOWS\SYSTEM32\VERSION.dll
0x00007ffcfdaa0000 - 0x00007ffcfdac4000 	C:\WINDOWS\SYSTEM32\WINMM.dll
0x00007ffcea070000 - 0x00007ffcea079000 	C:\WINDOWS\SYSTEM32\WSOCK32.dll
0x00000000652a0000 - 0x0000000065372000 	C:\Program Files\Java\jdk1.8.0_241\jre\bin\MSVCR100.dll
0x00007ffcfd620000 - 0x00007ffcfd64d000 	C:\WINDOWS\SYSTEM32\WINMMBASE.dll
0x00007ffd03330000 - 0x00007ffd0339f000 	C:\WINDOWS\System32\WS2_32.dll
0x00007ffcd88c0000 - 0x00007ffcd88f9000 	C:\Program Files\Java\jdk1.8.0_241\jre\bin\splashscreen.dll
0x00007ffcfa180000 - 0x00007ffcfa18f000 	C:\Program Files\Java\jdk1.8.0_241\jre\bin\verify.dll
0x00007ffce36f0000 - 0x00007ffce3719000 	C:\Program Files\Java\jdk1.8.0_241\jre\bin\java.dll
0x00007ffcf9f80000 - 0x00007ffcf9f96000 	C:\Program Files\Java\jdk1.8.0_241\jre\bin\zip.dll
0x00007ffcf9ee0000 - 0x00007ffcf9efa000 	C:\Program Files\Java\jdk1.8.0_241\jre\bin\net.dll
0x00007ffd00330000 - 0x00007ffd00397000 	C:\WINDOWS\system32\mswsock.dll
0x00007ffcf9ba0000 - 0x00007ffcf9bb2000 	C:\Program Files\Java\jdk1.8.0_241\jre\bin\nio.dll
0x00007ffd00040000 - 0x00007ffd0007a000 	C:\WINDOWS\SYSTEM32\IPHLPAPI.DLL
0x00007ffd02180000 - 0x00007ffd02188000 	C:\WINDOWS\System32\NSI.dll
0x00007ffcf1510000 - 0x00007ffcf1526000 	C:\WINDOWS\SYSTEM32\dhcpcsvc6.DLL
0x00007ffcf0a50000 - 0x00007ffcf0a6c000 	C:\WINDOWS\SYSTEM32\dhcpcsvc.DLL
0x00007ffd00080000 - 0x00007ffd0014b000 	C:\WINDOWS\SYSTEM32\DNSAPI.dll
0x00007ffcb5f10000 - 0x00007ffcb60aa000 	C:\Program Files\Java\jdk1.8.0_241\jre\bin\awt.dll
0x00007ffcffea0000 - 0x00007ffcffed3000 	C:\WINDOWS\system32\rsaenh.dll
0x00007ffd01ca0000 - 0x00007ffd01cc6000 	C:\WINDOWS\System32\bcrypt.dll
0x00007ffd00500000 - 0x00007ffd0050c000 	C:\WINDOWS\SYSTEM32\CRYPTBASE.dll
0x00007ffcfe4b0000 - 0x00007ffcfe4dd000 	C:\WINDOWS\system32\DWMAPI.DLL
0x00007ffccf320000 - 0x00007ffccf476000 	C:\WINDOWS\system32\opengl32.dll
0x00007ffcd0270000 - 0x00007ffcd029c000 	C:\WINDOWS\SYSTEM32\GLU32.dll
0x00007ffcff730000 - 0x00007ffcff750000 	C:\WINDOWS\SYSTEM32\dxcore.dll
0x00007ffccd9c0000 - 0x00007ffccda09000 	C:\Program Files\Java\jdk1.8.0_241\jre\bin\fontmanager.dll
0x00007ffce7710000 - 0x00007ffce7726000 	C:\WINDOWS\system32\napinsp.dll
0x00007ffce76f0000 - 0x00007ffce770a000 	C:\WINDOWS\system32\pnrpnsp.dll
0x00007ffce43e0000 - 0x00007ffce43f5000 	C:\WINDOWS\system32\wshbth.dll
0x00007ffcfcaa0000 - 0x00007ffcfcabc000 	C:\WINDOWS\system32\NLAapi.dll
0x00007ffce76e0000 - 0x00007ffce76ee000 	C:\WINDOWS\System32\winrnr.dll
0x00007ffcf0820000 - 0x00007ffcf082a000 	C:\Windows\System32\rasadhlp.dll
0x00007ffcf17e0000 - 0x00007ffcf1857000 	C:\WINDOWS\System32\fwpuclnt.dll
0x00007ffcc3b20000 - 0x00007ffcc3b62000 	C:\Program Files\Java\jdk1.8.0_241\jre\bin\t2k.dll
0x00007ffcde8c0000 - 0x00007ffcde8e5000 	C:\Program Files\NetBeans 8.2\platform\modules\lib\amd64\jnidispatch-422.dll
0x00007ffcfa030000 - 0x00007ffcfa03d000 	C:\Program Files\Java\jdk1.8.0_241\jre\bin\management.dll
0x00007ffcf1860000 - 0x00007ffcf1950000 	C:\WINDOWS\SYSTEM32\winhttp.dll
0x00007ffce0150000 - 0x00007ffce01f9000 	C:\WINDOWS\WinSxS\amd64_microsoft.windows.common-controls_6595b64144ccf1df_5.82.18362.1082_none_73b2803ad816b43c\comctl32.dll
0x00007ffd02f90000 - 0x00007ffd03032000 	C:\WINDOWS\System32\clbcatq.dll
0x00007ffcfb3d0000 - 0x00007ffcfb57f000 	C:\WINDOWS\SYSTEM32\WindowsCodecs.dll
0x00007ffccdc80000 - 0x00007ffccdcba000 	C:\WINDOWS\system32\dataexchange.dll
0x00007ffcff450000 - 0x00007ffcff6ab000 	C:\WINDOWS\system32\d3d11.dll
0x00007ffcfd440000 - 0x00007ffcfd61d000 	C:\WINDOWS\system32\dcomp.dll
0x00007ffcff7c0000 - 0x00007ffcff8ab000 	C:\WINDOWS\system32\dxgi.dll
0x00007ffcfdf80000 - 0x00007ffcfe1e2000 	C:\WINDOWS\system32\twinapi.appcore.dll
0x00007ffcfe2e0000 - 0x00007ffcfe309000 	C:\WINDOWS\system32\RMCLIENT.dll
0x00007ffcd8ab0000 - 0x00007ffcd8ada000 	C:\Program Files\Java\jdk1.8.0_241\jre\bin\dcpr.dll
0x00007ffcd6fd0000 - 0x00007ffcd6ff4000 	C:\Program Files\Java\jdk1.8.0_241\jre\bin\sunec.dll
0x00007ffcd0a40000 - 0x00007ffcd0a63000 	C:\WINDOWS\SYSTEM32\edputil.dll
0x00007ffcf9f50000 - 0x00007ffcf9f5b000 	C:\Program Files\Java\jdk1.8.0_241\jre\bin\sunmscapi.dll
0x00007ffd00bb0000 - 0x00007ffd00cf9000 	C:\WINDOWS\System32\CRYPT32.dll
0x00007ffd00b10000 - 0x00007ffd00b22000 	C:\WINDOWS\System32\MSASN1.dll
0x00007ffca2b40000 - 0x00007ffca3aa5000 	C:\WINDOWS\System32\DriverStore\FileRepository\iigd_dch.inf_amd64_08c6076a1ac36ac6\ig9icd64.dll
0x00007ffcff250000 - 0x00007ffcff444000 	C:\WINDOWS\SYSTEM32\dbghelp.dll

VM Arguments:
jvm_args: -Dnetbeans.importclass=org.netbeans.upgrade.AutoUpgrade -Dnetbeans.accept_license_class=org.netbeans.license.AcceptLicense -client -Xss2m -Xms32m -Dapple.laf.useScreenMenuBar=true -Dapple.awt.graphics.UseQuartz=true -Dsun.java2d.noddraw=true -Dsun.java2d.dpiaware=true -Dsun.zip.disableMemoryMapping=true -Xmx1024m -Djdk.home=C:\Program Files\Java\jdk1.8.0_241 -Djdk.launcher.addexports.0=java.desktop/sun.awt=ALL-UNNAMED -Djdk.launcher.addexports.1=java.base/jdk.internal.jrtfs=ALL-UNNAMED -Djdk.launcher.addexports.2=java.desktop/java.awt.peer=ALL-UNNAMED -Djdk.launcher.addexports.3=java.desktop/com.sun.beans.editors=ALL-UNNAMED -Djdk.launcher.addexports.3=java.desktop/sun.awt.im=ALL-UNNAMED -Djdk.launcher.addexports.4=java.desktop/com.sun.java.swing.plaf.windows=ALL-UNNAMED -Djdk.launcher.addexports.5=java.management/sun.management=ALL-UNNAMED -Dnetbeans.home=C:\Program Files\NetBeans 8.2\platform -Dnetbeans.user=C:\Users\Anthony\AppData\Roaming\NetBeans\8.2 -Dnetbeans.default_userdir_root=C:\Users\Anthony\AppData\Roaming\NetBeans -XX:+HeapDumpOnOutOfMemoryError -XX:HeapDumpPath=C:\Users\Anthony\AppData\Roaming\NetBeans\8.2\var\log\heapdump.hprof -Dsun.awt.keepWorkingSetOnMinimize=true -Dnetbeans.dirs=C:\Program Files\NetBeans 8.2\nb;C:\Program Files\NetBeans 8.2\ergonomics;C:\Program Files\NetBeans 8.2\ide;C:\Program Files\NetBeans 8.2\extide;C:\Program Files\NetBeans 8.2\java;C:\Program Files\NetBeans 8.2\apisupport;C:\Program Files\NetBeans 8.2\webcommon;C:\Program Files\NetBeans 8.2\websvccommon;C:\Program Files\NetBeans 8.2\enterprise;C:\Program Files\NetBeans 8.2\mobility;C:\Program Files\NetBeans 8.2\profiler;C:\Program Files\NetBeans 8.2\python;C:\Program Files\NetBeans 8.2\php;C:\Program Files\NetBeans 8.2\identity;C:\Program Files\NetBeans 8.2\harness;C:\Program Files\NetBeans 8.2\cnd;C:\Program Files\NetBeans 8.2\cndext;C:\Program Files\NetBeans 8.2\dlight;C:\Program Files\NetBeans 8.2\groovy;C:\Program Files\NetBeans 8.2\extra;C:\Program Files\NetBeans 8.2\javacard;C:\Program Files\NetBeans 8.2\javafx exit 
java_command: <unknown>
java_class_path (initial): C:\Program Files\NetBeans 8.2\platform\lib\boot.jar;C:\Program Files\NetBeans 8.2\platform\lib\org-openide-modules.jar;C:\Program Files\NetBeans 8.2\platform\lib\org-openide-util-lookup.jar;C:\Program Files\NetBeans 8.2\platform\lib\org-openide-util-ui.jar;C:\Program Files\NetBeans 8.2\platform\lib\org-openide-util.jar;C:\Program Files\NetBeans 8.2\platform\lib\locale\boot_ja.jar;C:\Program Files\NetBeans 8.2\platform\lib\locale\boot_pt_BR.jar;C:\Program Files\NetBeans 8.2\platform\lib\locale\boot_ru.jar;C:\Program Files\NetBeans 8.2\platform\lib\locale\boot_zh_CN.jar;C:\Program Files\NetBeans 8.2\platform\lib\locale\org-openide-modules_ja.jar;C:\Program Files\NetBeans 8.2\platform\lib\locale\org-openide-modules_pt_BR.jar;C:\Program Files\NetBeans 8.2\platform\lib\locale\org-openide-modules_ru.jar;C:\Program Files\NetBeans 8.2\platform\lib\locale\org-openide-modules_zh_CN.jar;C:\Program Files\NetBeans 8.2\platform\lib\locale\org-openide-util-lookup_ja.jar;C:\Program Files\NetBeans 8.2\platform\lib\locale\org-openide-util-lookup_pt_BR.jar;C:\Program Files\NetBeans 8.2\platform\lib\locale\org-openide-util-lookup_ru.jar;C:\Program Files\NetBeans 8.2\platform\lib\locale\org-openide-util-lookup_zh_CN.jar;C:\Program Files\NetBeans 8.2\platform\lib\locale\org-openide-util-ui_ja.jar;C:\Program Files\NetBeans 8.2\platform\lib\locale\org-openide-util-ui_pt_BR.jar;C:\Program Files\NetBeans 8.2\platform\lib\locale\org-openide-util-ui_ru.jar;C:\Program Files\NetBeans 8.2\platform\lib\locale\org-openide-util-ui_zh_CN.jar;C:\Program Files\NetBeans 8.2\platform\lib\locale\org-openide-util_ja.jar;C:\Program Files\NetBeans 8.2\platform\lib\locale\org-openide-util_pt_BR.jar;C:\Program Files\NetBeans 8.2\platform\lib\locale\org-openide-util_ru.jar;C:\Program Files\NetBeans 8.2\platform\lib\locale\org-openide-util_zh_CN.jar;C:\Program Files\Java\jdk1.8.0_241\lib\dt.jar;C:\Program Files\Java\jdk1.8.0_241\lib\tools.jar
Launcher Type: generic

Environment Variables:
JAVA_HOME=C:\Program Files\Amazon Corretto\jdk11.0.5_10
PATH=C:\app\Anthony\product\18.0.0\dbhomeXE\bin;C:\Program Files (x86)\Common Files\Oracle\Java\javapath;C:\Program Files\Amazon Corretto\jdk11.0.5_10\bin;C:\Program Files (x86)\Intel\Intel(R) Management Engine Components\iCLS\;C:\Program Files\Intel\Intel(R) Management Engine Components\iCLS\;C:\WINDOWS\system32;C:\WINDOWS;C:\WINDOWS\System32\Wbem;C:\WINDOWS\System32\WindowsPowerShell\v1.0\;C:\Program Files (x86)\Intel\Intel(R) Management Engine Components\DAL;C:\Program Files\Intel\Intel(R) Management Engine Components\DAL;C:\Program Files (x86)\Intel\Intel(R) Management Engine Components\IPT;C:\Program Files\Intel\Intel(R) Management Engine Components\IPT;C:\WINDOWS\System32\OpenSSH\;C:\Program Files\dotnet\;C:\Program Files\Microsoft SQL Server\130\Tools\Binn\;C:\Program Files\Microsoft SQL Server\Client SDK\ODBC\170\Tools\Binn\;C:\Users\Anthony\AppData\Local\Programs\Python\Python38-32\Scripts\;C:\Users\Anthony\AppData\Local\Programs\Python\Python38-32\;C:\Users\Anthony\AppData\Local\Microsoft\WindowsApps;C:\Users\Anthony\AppData\Local\atom\bin;C:\Users\Anthony\AppData\Local\Programs\Microsoft VS Code\bin
USERNAME=Anthony
OS=Windows_NT
PROCESSOR_IDENTIFIER=Intel64 Family 6 Model 142 Stepping 10, GenuineIntel



---------------  S Y S T E M  ---------------

OS: Windows 10.0 , 64 bit Build 18362 (10.0.18362.1082)

CPU:total 8 (initial active 8) (4 cores per cpu, 2 threads per core) family 6 model 142 stepping 10, cmov, cx8, fxsr, mmx, sse, sse2, sse3, ssse3, sse4.1, sse4.2, popcnt, avx, avx2, aes, clmul, erms, 3dnowpref, lzcnt, ht, tsc, tscinvbit, bmi1, bmi2, adx

Memory: 4k page, physical 20874468k(12669272k free), swap 24020196k(12999088k free)

vm_info: Java HotSpot(TM) 64-Bit Server VM (25.241-b07) for windows-amd64 JRE (1.8.0_241-b07), built on Dec 11 2019 10:21:40 by "rejava" with MS VC++ 10.0 (VS2010)

time: Mon Sep 28 05:46:03 2020
timezone: Eastern Daylight Time
elapsed time: 35178 seconds (0d 9h 46m 18s)

